1602867935.093464 client started (60667): version 3.1b, socket /tmp//tmux-501/default, protocol 8
1602867935.093600 on Darwin 19.6.0 Darwin Kernel Version 19.6.0: Mon Aug 31 22:12:52 PDT 2020; root:xnu-6153.141.2~1/RELEASE_X86_64; libevent 2.1.12-stable (select)
1602867935.093714 socket is /tmp//tmux-501/default
1602867935.093761 trying connect
1602867935.093832 connect failed: No such file or directory
1602867935.094031 lock file is /tmp//tmux-501/default.lock
1602867935.094263 flock succeeded
1602867935.094289 got lock (6)
1602867935.094309 trying connect
1602867935.094342 connect failed: No such file or directory
1602867935.095194 add peer 0x7fecd7631000: 7 (0x0)
1602867935.100425 sending message 100 to peer 0x7fecd7631000 (4 bytes)
1602867935.100477 sending message 101 to peer 0x7fecd7631000 (15 bytes)
1602867935.100498 sending message 102 to peer 0x7fecd7631000 (13 bytes)
1602867935.100516 sending message 108 to peer 0x7fecd7631000 (45 bytes)
1602867935.100555 sending message 104 to peer 0x7fecd7631000 (0 bytes)
1602867935.100574 sending message 107 to peer 0x7fecd7631000 (4 bytes)
1602867935.100592 sending message 105 to peer 0x7fecd7631000 (57 bytes)
1602867935.100610 sending message 105 to peer 0x7fecd7631000 (14 bytes)
1602867935.100629 sending message 105 to peer 0x7fecd7631000 (25 bytes)
1602867935.100645 sending message 105 to peer 0x7fecd7631000 (17 bytes)
1602867935.100663 sending message 105 to peer 0x7fecd7631000 (28 bytes)
1602867935.100680 sending message 105 to peer 0x7fecd7631000 (19 bytes)
1602867935.100698 sending message 105 to peer 0x7fecd7631000 (53 bytes)
1602867935.100715 sending message 105 to peer 0x7fecd7631000 (20 bytes)
1602867935.100733 sending message 105 to peer 0x7fecd7631000 (66 bytes)
1602867935.100751 sending message 105 to peer 0x7fecd7631000 (15 bytes)
1602867935.100768 sending message 105 to peer 0x7fecd7631000 (24 bytes)
1602867935.100786 sending message 105 to peer 0x7fecd7631000 (20 bytes)
1602867935.100803 sending message 105 to peer 0x7fecd7631000 (17 bytes)
1602867935.100820 sending message 105 to peer 0x7fecd7631000 (50 bytes)
1602867935.100836 sending message 105 to peer 0x7fecd7631000 (8 bytes)
1602867935.100854 sending message 105 to peer 0x7fecd7631000 (49 bytes)
1602867935.100872 sending message 105 to peer 0x7fecd7631000 (32 bytes)
1602867935.100888 sending message 105 to peer 0x7fecd7631000 (22 bytes)
1602867935.100906 sending message 106 to peer 0x7fecd7631000 (0 bytes)
1602867935.100927 sending message 200 to peer 0x7fecd7631000 (4 bytes)
1602867935.100945 client loop enter
1602867935.168715 peer 0x7fecd7631000 message 207
1602867935.168738 sending message 208 to peer 0x7fecd7631000 (0 bytes)
1602867966.935636 peer 0x7fecd7631000 message 203
1602867966.935855 sending message 205 to peer 0x7fecd7631000 (0 bytes)
1602867966.936166 peer 0x7fecd7631000 message 204
1602867966.936185 client loop exit
